<?xml version="1.0" encoding="UTF-8"?>
<testsuite name="lang.ParseTests" tests="7" skipped="0" failures="0" errors="0" timestamp="2018-09-12T15:51:32" hostname="chrille-X540LA" time="0.03">
  <properties/>
  <testcase name="identifier" classname="lang.ParseTests" time="0.022"/>
  <testcase name="error2" classname="lang.ParseTests" time="0.001"/>
  <testcase name="error3" classname="lang.ParseTests" time="0.0"/>
  <testcase name="product" classname="lang.ParseTests" time="0.0"/>
  <testcase name="let" classname="lang.ParseTests" time="0.001"/>
  <testcase name="error" classname="lang.ParseTests" time="0.0"/>
  <testcase name="numerical" classname="lang.ParseTests" time="0.0"/>
  <system-out><![CDATA[]]></system-out>
  <system-err><![CDATA[]]></system-err>
</testsuite>
