<?xml version="1.0" encoding="UTF-8"?>
<testsuite name="lang.TestDumpTree" tests="13" skipped="0" failures="0" errors="0" timestamp="2018-09-17T18:15:28" hostname="chrille-X540LA" time="0.193">
  <properties/>
  <testcase name="runTest[functionwithvariabledeclarationandassignments.in]" classname="lang.TestDumpTree" time="0.044"/>
  <testcase name="runTest[arithmeticoperations.in]" classname="lang.TestDumpTree" time="0.016"/>
  <testcase name="runTest[emptyfunction.in]" classname="lang.TestDumpTree" time="0.004"/>
  <testcase name="runTest[functionwithvariabledeclaration.in]" classname="lang.TestDumpTree" time="0.004"/>
  <testcase name="runTest[associativityandorder.in]" classname="lang.TestDumpTree" time="0.027"/>
  <testcase name="runTest[emptyfunctions.in]" classname="lang.TestDumpTree" time="0.004"/>
  <testcase name="runTest[simpleexpressions.in]" classname="lang.TestDumpTree" time="0.006"/>
  <testcase name="runTest[functionwithvariabledeclarations.in]" classname="lang.TestDumpTree" time="0.005"/>
  <testcase name="runTest[logicaloperators.in]" classname="lang.TestDumpTree" time="0.044"/>
  <testcase name="runTest[example.in]" classname="lang.TestDumpTree" time="0.015"/>
  <testcase name="runTest[if.in]" classname="lang.TestDumpTree" time="0.008"/>
  <testcase name="runTest[while.in]" classname="lang.TestDumpTree" time="0.005"/>
  <testcase name="runTest[comment.in]" classname="lang.TestDumpTree" time="0.004"/>
  <system-out><![CDATA[]]></system-out>
  <system-err><![CDATA[]]></system-err>
</testsuite>
