<?xml version="1.0" encoding="UTF-8"?>
<testsuite name="lang.ParseTests" tests="8" skipped="0" failures="0" errors="0" timestamp="2018-09-26T13:39:59" hostname="chrille-X540LA" time="0.062">
  <properties/>
  <testcase name="simpleexpressions" classname="lang.ParseTests" time="0.052"/>
  <testcase name="emptyfunction" classname="lang.ParseTests" time="0.0"/>
  <testcase name="example" classname="lang.ParseTests" time="0.0"/>
  <testcase name="functionwithvariabledeclaration" classname="lang.ParseTests" time="0.001"/>
  <testcase name="functionwithvariabledeclarations" classname="lang.ParseTests" time="0.0"/>
  <testcase name="emptyfunctions" classname="lang.ParseTests" time="0.0"/>
  <testcase name="error" classname="lang.ParseTests" time="0.001"/>
  <testcase name="functionwithvariabledeclarationandassignments" classname="lang.ParseTests" time="0.001"/>
  <system-out><![CDATA[]]></system-out>
  <system-err><![CDATA[]]></system-err>
</testsuite>
