<?xml version="1.0" encoding="UTF-8"?>
<testsuite name="lang.ParseTests" tests="9" skipped="0" failures="0" errors="0" timestamp="2018-09-13T13:39:43" hostname="chrille-X540LA" time="0.022">
  <properties/>
  <testcase name="identifier" classname="lang.ParseTests" time="0.017"/>
  <testcase name="testFor" classname="lang.ParseTests" time="0.001"/>
  <testcase name="testNot" classname="lang.ParseTests" time="0.0"/>
  <testcase name="testShort" classname="lang.ParseTests" time="0.0"/>
  <testcase name="testIf" classname="lang.ParseTests" time="0.0"/>
  <testcase name="let" classname="lang.ParseTests" time="0.0"/>
  <testcase name="testInteger" classname="lang.ParseTests" time="0.001"/>
  <testcase name="testNested" classname="lang.ParseTests" time="0.0"/>
  <testcase name="numerical" classname="lang.ParseTests" time="0.0"/>
  <system-out><![CDATA[]]></system-out>
  <system-err><![CDATA[]]></system-err>
</testsuite>
