<?xml version="1.0" encoding="UTF-8"?>
<testsuite name="lang.TestInterpreter" tests="19" skipped="0" failures="0" errors="0" timestamp="2018-10-15T06:43:58" hostname="chrille-X540LA" time="0.038">
  <properties/>
  <testcase name="runTest[testfac.in]" classname="lang.TestInterpreter" time="0.003"/>
  <testcase name="runTest[simplefunctioncall.in]" classname="lang.TestInterpreter" time="0.001"/>
  <testcase name="runTest[candefinefunctions.in]" classname="lang.TestInterpreter" time="0.001"/>
  <testcase name="runTest[testreturninwhile.in]" classname="lang.TestInterpreter" time="0.002"/>
  <testcase name="runTest[fail.in]" classname="lang.TestInterpreter" time="0.001"/>
  <testcase name="runTest[functioncall.in]" classname="lang.TestInterpreter" time="0.001"/>
  <testcase name="runTest[testif.in]" classname="lang.TestInterpreter" time="0.001"/>
  <testcase name="runTest[canreturninwhile.in]" classname="lang.TestInterpreter" time="0.001"/>
  <testcase name="runTest[testwhile.in]" classname="lang.TestInterpreter" time="0.001"/>
  <testcase name="runTest[functioncallfromass.in]" classname="lang.TestInterpreter" time="0.002"/>
  <testcase name="runTest[shadowing.in]" classname="lang.TestInterpreter" time="0.002"/>
  <testcase name="runTest[variableassignment.in]" classname="lang.TestInterpreter" time="0.001"/>
  <testcase name="runTest[gcd.in]" classname="lang.TestInterpreter" time="0.003"/>
  <testcase name="runTest[testprint.in]" classname="lang.TestInterpreter" time="0.001"/>
  <testcase name="runTest[variableassignment2.in]" classname="lang.TestInterpreter" time="0.002"/>
  <testcase name="runTest[testifelse.in]" classname="lang.TestInterpreter" time="0.002"/>
  <testcase name="runTest[testprintprintprint.in]" classname="lang.TestInterpreter" time="0.001"/>
  <testcase name="runTest[functioncallwitharguments.in]" classname="lang.TestInterpreter" time="0.002"/>
  <testcase name="runTest[declarevariable.in]" classname="lang.TestInterpreter" time="0.001"/>
  <system-out><![CDATA[]]></system-out>
  <system-err><![CDATA[]]></system-err>
</testsuite>
