<?xml version="1.0" encoding="UTF-8"?>
<testsuite name="lang.TestPrettyPrinting" tests="17" skipped="0" failures="0" errors="0" timestamp="2018-10-15T06:43:58" hostname="chrille-X540LA" time="0.069">
  <properties/>
  <testcase name="runTest[functionwithvariabledeclarationandassignments.in]" classname="lang.TestPrettyPrinting" time="0.022"/>
  <testcase name="runTest[arithmeticoperations.in]" classname="lang.TestPrettyPrinting" time="0.003"/>
  <testcase name="runTest[emptyfunction.in]" classname="lang.TestPrettyPrinting" time="0.002"/>
  <testcase name="runTest[expressionoffunctions.in]" classname="lang.TestPrettyPrinting" time="0.003"/>
  <testcase name="runTest[functionwithvariabledeclaration.in]" classname="lang.TestPrettyPrinting" time="0.002"/>
  <testcase name="runTest[associativityandorder.in]" classname="lang.TestPrettyPrinting" time="0.005"/>
  <testcase name="runTest[emptyfunctions.in]" classname="lang.TestPrettyPrinting" time="0.002"/>
  <testcase name="runTest[simpleexpressions.in]" classname="lang.TestPrettyPrinting" time="0.002"/>
  <testcase name="runTest[functioncalls.in]" classname="lang.TestPrettyPrinting" time="0.002"/>
  <testcase name="runTest[functionwithvariabledeclarations.in]" classname="lang.TestPrettyPrinting" time="0.001"/>
  <testcase name="runTest[functionwitharguments.in]" classname="lang.TestPrettyPrinting" time="0.001"/>
  <testcase name="runTest[logicaloperators.in]" classname="lang.TestPrettyPrinting" time="0.006"/>
  <testcase name="runTest[example.in]" classname="lang.TestPrettyPrinting" time="0.005"/>
  <testcase name="runTest[if.in]" classname="lang.TestPrettyPrinting" time="0.002"/>
  <testcase name="runTest[print.in]" classname="lang.TestPrettyPrinting" time="0.002"/>
  <testcase name="runTest[while.in]" classname="lang.TestPrettyPrinting" time="0.002"/>
  <testcase name="runTest[comment.in]" classname="lang.TestPrettyPrinting" time="0.001"/>
  <system-out><![CDATA[]]></system-out>
  <system-err><![CDATA[]]></system-err>
</testsuite>
