<?xml version="1.0" encoding="UTF-8"?>
<testsuite name="lang.TestCodeGeneration" tests="28" skipped="0" failures="1" errors="0" timestamp="2018-10-16T12:22:23" hostname="chrille-X540LA" time="0.431">
  <properties/>
  <testcase name="runTest[testfac.in]" classname="lang.TestCodeGeneration" time="0.029"/>
  <testcase name="runTest[simplefunctioncall.in]" classname="lang.TestCodeGeneration" time="0.014"/>
  <testcase name="runTest[candefinefunctions.in]" classname="lang.TestCodeGeneration" time="0.012"/>
  <testcase name="runTest[testreturninwhile.in]" classname="lang.TestCodeGeneration" time="0.017"/>
  <testcase name="runTest[assignment2.in]" classname="lang.TestCodeGeneration" time="0.016"/>
  <testcase name="runTest[functioncall.in]" classname="lang.TestCodeGeneration" time="0.015"/>
  <testcase name="runTest[parameterpassing2.in]" classname="lang.TestCodeGeneration" time="0.013"/>
  <testcase name="runTest[simpleprint.in]" classname="lang.TestCodeGeneration" time="0.012"/>
  <testcase name="runTest[testif.in]" classname="lang.TestCodeGeneration" time="0.016"/>
  <testcase name="runTest[canreturninwhile.in]" classname="lang.TestCodeGeneration" time="0.014"/>
  <testcase name="runTest[testwhile.in]" classname="lang.TestCodeGeneration" time="0.014"/>
  <testcase name="runTest[canpassparameters.in]" classname="lang.TestCodeGeneration" time="0.014"/>
  <testcase name="runTest[functioncallfromass.in]" classname="lang.TestCodeGeneration" time="0.023"/>
  <testcase name="runTest[second.in]" classname="lang.TestCodeGeneration" time="0.012"/>
  <testcase name="runTest[shadowing.in]" classname="lang.TestCodeGeneration" time="0.004">
    <failure message="org.junit.ComparisonFailure: expected:&lt;[[]]&gt; but was:&lt;[[Error at line 4: symbol 'i' is already declared, Error at line 6: symbol 'i' is already declared]]&gt;" type="org.junit.ComparisonFailure">org.junit.ComparisonFailure: expected:&lt;[[]]&gt; but was:&lt;[[Error at line 4: symbol 'i' is already declared, Error at line 6: symbol 'i' is already declared]]&gt;
	at org.junit.Assert.assertEquals(Assert.java:115)
	at org.junit.Assert.assertEquals(Assert.java:144)
	at lang.TestCodeGeneration.runTest(TestCodeGeneration.java:41)
	at sun.reflect.NativeMethodAccessorImpl.invoke0(Native Method)
	at sun.reflect.NativeMethodAccessorImpl.invoke(NativeMethodAccessorImpl.java:62)
	at sun.reflect.DelegatingMethodAccessorImpl.invoke(DelegatingMethodAccessorImpl.java:43)
	at java.lang.reflect.Method.invoke(Method.java:498)
	at org.junit.runners.model.FrameworkMethod$1.runReflectiveCall(FrameworkMethod.java:50)
	at org.junit.internal.runners.model.ReflectiveCallable.run(ReflectiveCallable.java:12)
	at org.junit.runners.model.FrameworkMethod.invokeExplosively(FrameworkMethod.java:47)
	at org.junit.internal.runners.statements.InvokeMethod.evaluate(InvokeMethod.java:17)
	at org.junit.runners.ParentRunner.runLeaf(ParentRunner.java:325)
	at org.junit.runners.BlockJUnit4ClassRunner.runChild(BlockJUnit4ClassRunner.java:78)
	at org.junit.runners.BlockJUnit4ClassRunner.runChild(BlockJUnit4ClassRunner.java:57)
	at org.junit.runners.ParentRunner$3.run(ParentRunner.java:290)
	at org.junit.runners.ParentRunner$1.schedule(ParentRunner.java:71)
	at org.junit.runners.ParentRunner.runChildren(ParentRunner.java:288)
	at org.junit.runners.ParentRunner.access$000(ParentRunner.java:58)
	at org.junit.runners.ParentRunner$2.evaluate(ParentRunner.java:268)
	at org.junit.runners.ParentRunner.run(ParentRunner.java:363)
	at org.junit.runners.Suite.runChild(Suite.java:128)
	at org.junit.runners.Suite.runChild(Suite.java:27)
	at org.junit.runners.ParentRunner$3.run(ParentRunner.java:290)
	at org.junit.runners.ParentRunner$1.schedule(ParentRunner.java:71)
	at org.junit.runners.ParentRunner.runChildren(ParentRunner.java:288)
	at org.junit.runners.ParentRunner.access$000(ParentRunner.java:58)
	at org.junit.runners.ParentRunner$2.evaluate(ParentRunner.java:268)
	at org.junit.runners.ParentRunner.run(ParentRunner.java:363)
	at org.gradle.api.internal.tasks.testing.junit.JUnitTestClassExecuter.runTestClass(JUnitTestClassExecuter.java:114)
	at org.gradle.api.internal.tasks.testing.junit.JUnitTestClassExecuter.execute(JUnitTestClassExecuter.java:57)
	at org.gradle.api.internal.tasks.testing.junit.JUnitTestClassProcessor.processTestClass(JUnitTestClassProcessor.java:66)
	at org.gradle.api.internal.tasks.testing.SuiteTestClassProcessor.processTestClass(SuiteTestClassProcessor.java:51)
	at sun.reflect.NativeMethodAccessorImpl.invoke0(Native Method)
	at sun.reflect.NativeMethodAccessorImpl.invoke(NativeMethodAccessorImpl.java:62)
	at sun.reflect.DelegatingMethodAccessorImpl.invoke(DelegatingMethodAccessorImpl.java:43)
	at java.lang.reflect.Method.invoke(Method.java:498)
	at org.gradle.internal.dispatch.ReflectionDispatch.dispatch(ReflectionDispatch.java:35)
	at org.gradle.internal.dispatch.ReflectionDispatch.dispatch(ReflectionDispatch.java:24)
	at org.gradle.internal.dispatch.ContextClassLoaderDispatch.dispatch(ContextClassLoaderDispatch.java:32)
	at org.gradle.internal.dispatch.ProxyDispatchAdapter$DispatchingInvocationHandler.invoke(ProxyDispatchAdapter.java:93)
	at com.sun.proxy.$Proxy1.processTestClass(Unknown Source)
	at org.gradle.api.internal.tasks.testing.worker.TestWorker.processTestClass(TestWorker.java:108)
	at sun.reflect.NativeMethodAccessorImpl.invoke0(Native Method)
	at sun.reflect.NativeMethodAccessorImpl.invoke(NativeMethodAccessorImpl.java:62)
	at sun.reflect.DelegatingMethodAccessorImpl.invoke(DelegatingMethodAccessorImpl.java:43)
	at java.lang.reflect.Method.invoke(Method.java:498)
	at org.gradle.internal.dispatch.ReflectionDispatch.dispatch(ReflectionDispatch.java:35)
	at org.gradle.internal.dispatch.ReflectionDispatch.dispatch(ReflectionDispatch.java:24)
	at org.gradle.internal.remote.internal.hub.MessageHubBackedObjectConnection$DispatchWrapper.dispatch(MessageHubBackedObjectConnection.java:146)
	at org.gradle.internal.remote.internal.hub.MessageHubBackedObjectConnection$DispatchWrapper.dispatch(MessageHubBackedObjectConnection.java:128)
	at org.gradle.internal.remote.internal.hub.MessageHub$Handler.run(MessageHub.java:404)
	at org.gradle.internal.concurrent.ExecutorPolicy$CatchAndRecordFailures.onExecute(ExecutorPolicy.java:63)
	at org.gradle.internal.concurrent.ManagedExecutorImpl$1.run(ManagedExecutorImpl.java:46)
	at java.util.concurrent.ThreadPoolExecutor.runWorker(ThreadPoolExecutor.java:1149)
	at java.util.concurrent.ThreadPoolExecutor$Worker.run(ThreadPoolExecutor.java:624)
	at org.gradle.internal.concurrent.ThreadFactoryImpl$ManagedThreadRunnable.run(ThreadFactoryImpl.java:55)
	at java.lang.Thread.run(Thread.java:748)
</failure>
  </testcase>
  <testcase name="runTest[variableassignment.in]" classname="lang.TestCodeGeneration" time="0.017"/>
  <testcase name="runTest[manyprints.in]" classname="lang.TestCodeGeneration" time="0.021"/>
  <testcase name="runTest[gcd.in]" classname="lang.TestCodeGeneration" time="0.023"/>
  <testcase name="runTest[testprint.in]" classname="lang.TestCodeGeneration" time="0.014"/>
  <testcase name="runTest[variableassignment2.in]" classname="lang.TestCodeGeneration" time="0.013"/>
  <testcase name="runTest[testifelse.in]" classname="lang.TestCodeGeneration" time="0.02"/>
  <testcase name="runTest[assignment.in]" classname="lang.TestCodeGeneration" time="0.016"/>
  <testcase name="runTest[testprintprintprint.in]" classname="lang.TestCodeGeneration" time="0.012"/>
  <testcase name="runTest[functioncallwitharguments.in]" classname="lang.TestCodeGeneration" time="0.012"/>
  <testcase name="runTest[first.in]" classname="lang.TestCodeGeneration" time="0.011"/>
  <testcase name="runTest[parameterpassing.in]" classname="lang.TestCodeGeneration" time="0.012"/>
  <testcase name="runTest[constant.in]" classname="lang.TestCodeGeneration" time="0.013"/>
  <testcase name="runTest[declarevariable.in]" classname="lang.TestCodeGeneration" time="0.012"/>
  <system-out><![CDATA[]]></system-out>
  <system-err><![CDATA[]]></system-err>
</testsuite>
