<?xml version="1.0" encoding="UTF-8"?>
<testsuite name="lang.TestVisitor" tests="5" skipped="0" failures="0" errors="0" timestamp="2018-10-05T14:17:56" hostname="chrille-X540LA" time="0.012">
  <properties/>
  <testcase name="runTest[depth3.in]" classname="lang.TestVisitor" time="0.004"/>
  <testcase name="runTest[depth4.in]" classname="lang.TestVisitor" time="0.002"/>
  <testcase name="runTest[depth1.in]" classname="lang.TestVisitor" time="0.001"/>
  <testcase name="runTest[depth2.in]" classname="lang.TestVisitor" time="0.001"/>
  <testcase name="runTest[depthcomplex.in]" classname="lang.TestVisitor" time="0.001"/>
  <system-out><![CDATA[]]></system-out>
  <system-err><![CDATA[]]></system-err>
</testsuite>
