<?xml version="1.0" encoding="UTF-8"?>
<testsuite name="lang.TestVisitor" tests="5" skipped="0" failures="0" errors="0" timestamp="2018-10-04T11:39:20" hostname="chrille-X540LA" time="0.03">
  <properties/>
  <testcase name="runTest[depth3.in]" classname="lang.TestVisitor" time="0.008"/>
  <testcase name="runTest[depth4.in]" classname="lang.TestVisitor" time="0.003"/>
  <testcase name="runTest[depth1.in]" classname="lang.TestVisitor" time="0.009"/>
  <testcase name="runTest[depth2.in]" classname="lang.TestVisitor" time="0.004"/>
  <testcase name="runTest[depthcomplex.in]" classname="lang.TestVisitor" time="0.003"/>
  <system-out><![CDATA[]]></system-out>
  <system-err><![CDATA[]]></system-err>
</testsuite>
