<?xml version="1.0" encoding="UTF-8"?>
<testsuite name="lang.TestMinValue" tests="4" skipped="0" failures="0" errors="0" timestamp="2018-09-27T18:46:41" hostname="chrille-X540LA" time="0.02">
  <properties/>
  <testcase name="nbrOfMinValues" classname="lang.TestMinValue" time="0.016"/>
  <testcase name="globalMin" classname="lang.TestMinValue" time="0.001"/>
  <testcase name="localMin" classname="lang.TestMinValue" time="0.001"/>
  <testcase name="isMinValue" classname="lang.TestMinValue" time="0.001"/>
  <system-out><![CDATA[]]></system-out>
  <system-err><![CDATA[]]></system-err>
</testsuite>
